<?xml version="1.0" encoding="UTF-8"?>
<!-- Generated by org.testng.reporters.JUnitReportReporter -->
<testsuite hostname="DESKTOP-JV74ENV" failures="0" tests="4" name="Extent.Extentreport" time="106.324" errors="0" timestamp="2022-09-02T11:30:33 IST" skipped="0">
  <testcase classname="Extent.Extentreport" name="user_opens_the_url_https_www_frasershospitality_com_en_fraser_world_sign_up" time="12.107"/>
  <system-out/>
  <testcase classname="Extent.Extentreport" name="create_excel_sheet_provide_valid_webelement_details" time="2.114"/>
  <system-out/>
  <testcase classname="Extent.Extentreport" name="data_fetch_from_excel" time="85.623"/>
  <system-out/>
  <testcase classname="Extent.Extentreport" name="compare_two_images" time="6.480"/>
  <system-out/>
</testsuite> <!-- Extent.Extentreport -->
